2017-10-20 17:04:05 - PHP Notice:  Error: Could not load template D:/OpenServer/domains/nak1.ru/admin/view/template/payment/nextpay.tpl! in D:\OpenServer\domains\nak1.ru\system\storage\modification\system\library\template\php.php on line 23
2017-10-20 17:04:07 - PHP Notice:  Error: Could not load template D:/OpenServer/domains/nak1.ru/admin/view/template/payment/nextpay.tpl! in D:\OpenServer\domains\nak1.ru\system\storage\modification\system\library\template\php.php on line 23
2017-10-20 17:04:58 - PHP Notice:  Error: Could not load template D:/OpenServer/domains/nak1.ru/admin/view/template/payment/2shop.tpl! in D:\OpenServer\domains\nak1.ru\system\storage\modification\system\library\template\php.php on line 23
2017-10-20 17:04:59 - PHP Notice:  Error: Could not load template D:/OpenServer/domains/nak1.ru/admin/view/template/payment/2shop.tpl! in D:\OpenServer\domains\nak1.ru\system\storage\modification\system\library\template\php.php on line 23
2017-10-20 17:05:44 - PHP Notice:  Error: Could not load template D:/OpenServer/domains/nak1.ru/admin/view/template/extensions/payment/2shop.tpl! in D:\OpenServer\domains\nak1.ru\system\storage\modification\system\library\template\php.php on line 23
2017-10-20 17:19:16 - PHP Notice:  Error: Could not load template D:/OpenServer/domains/nak1.ru/admin/view/template/extension/payment/2shop.tpl! in D:\OpenServer\domains\nak1.ru\system\storage\modification\system\library\template\php.php on line 23
2017-10-20 17:29:57 - PHP Notice:  Undefined variable: header in D:\OpenServer\domains\nak1.ru\admin\view\template\extension\payment\2shop.tpl on line 1
2017-10-20 17:29:57 - PHP Notice:  Undefined variable: column_left in D:\OpenServer\domains\nak1.ru\admin\view\template\extension\payment\2shop.tpl on line 1
2017-10-20 17:29:57 - PHP Notice:  Undefined variable: entry_sort_order in D:\OpenServer\domains\nak1.ru\admin\view\template\extension\payment\2shop.tpl on line 4
2017-10-20 17:29:57 - PHP Notice:  Undefined variable: text_confirm in D:\OpenServer\domains\nak1.ru\admin\view\template\extension\payment\2shop.tpl on line 9
2017-10-20 17:29:57 - PHP Notice:  Undefined variable: clear_log in D:\OpenServer\domains\nak1.ru\admin\view\template\extension\payment\2shop.tpl on line 11
2017-10-20 17:29:57 - PHP Notice:  Undefined variable: footer in D:\OpenServer\domains\nak1.ru\admin\view\template\extension\payment\2shop.tpl on line 44
2017-10-20 17:29:58 - PHP Notice:  Undefined variable: header in D:\OpenServer\domains\nak1.ru\admin\view\template\extension\payment\2shop.tpl on line 1
2017-10-20 17:29:58 - PHP Notice:  Undefined variable: column_left in D:\OpenServer\domains\nak1.ru\admin\view\template\extension\payment\2shop.tpl on line 1
2017-10-20 17:29:58 - PHP Notice:  Undefined variable: entry_sort_order in D:\OpenServer\domains\nak1.ru\admin\view\template\extension\payment\2shop.tpl on line 4
2017-10-20 17:29:58 - PHP Notice:  Undefined variable: text_confirm in D:\OpenServer\domains\nak1.ru\admin\view\template\extension\payment\2shop.tpl on line 9
2017-10-20 17:29:58 - PHP Notice:  Undefined variable: clear_log in D:\OpenServer\domains\nak1.ru\admin\view\template\extension\payment\2shop.tpl on line 11
2017-10-20 17:29:58 - PHP Notice:  Undefined variable: footer in D:\OpenServer\domains\nak1.ru\admin\view\template\extension\payment\2shop.tpl on line 44
2017-10-20 17:30:15 - PHP Notice:  Undefined variable: entry_sort_order in D:\OpenServer\domains\nak1.ru\admin\view\template\extension\payment\2shop.tpl on line 4
2017-10-20 17:30:15 - PHP Notice:  Undefined variable: text_confirm in D:\OpenServer\domains\nak1.ru\admin\view\template\extension\payment\2shop.tpl on line 9
2017-10-20 17:30:15 - PHP Notice:  Undefined variable: clear_log in D:\OpenServer\domains\nak1.ru\admin\view\template\extension\payment\2shop.tpl on line 11
2017-10-20 17:30:57 - PHP Notice:  Undefined variable: permission in D:\OpenServer\domains\nak1.ru\admin\view\template\extension\payment\2shop.tpl on line 6
2017-10-20 17:30:57 - PHP Notice:  Undefined variable: cancel in D:\OpenServer\domains\nak1.ru\admin\view\template\extension\payment\2shop.tpl on line 9
2017-10-20 17:30:57 - PHP Notice:  Undefined variable: button_cancel in D:\OpenServer\domains\nak1.ru\admin\view\template\extension\payment\2shop.tpl on line 9
2017-10-20 17:30:57 - PHP Notice:  Undefined variable: heading_title in D:\OpenServer\domains\nak1.ru\admin\view\template\extension\payment\2shop.tpl on line 10
2017-10-20 17:30:57 - PHP Notice:  Undefined variable: breadcrumbs in D:\OpenServer\domains\nak1.ru\admin\view\template\extension\payment\2shop.tpl on line 12
2017-10-20 17:30:57 - PHP Warning:  Invalid argument supplied for foreach() in D:\OpenServer\domains\nak1.ru\admin\view\template\extension\payment\2shop.tpl on line 12
2017-10-20 17:30:57 - PHP Notice:  Undefined variable: entry_sort_order in D:\OpenServer\domains\nak1.ru\admin\view\template\extension\payment\2shop.tpl on line 19
2017-10-20 17:30:57 - PHP Notice:  Undefined variable: text_confirm in D:\OpenServer\domains\nak1.ru\admin\view\template\extension\payment\2shop.tpl on line 24
2017-10-20 17:30:57 - PHP Notice:  Undefined variable: clear_log in D:\OpenServer\domains\nak1.ru\admin\view\template\extension\payment\2shop.tpl on line 26
2017-10-20 17:31:38 - PHP Notice:  Undefined variable: permission in D:\OpenServer\domains\nak1.ru\admin\view\template\extension\payment\2shop.tpl on line 6
2017-10-20 17:31:38 - PHP Notice:  Undefined variable: cancel in D:\OpenServer\domains\nak1.ru\admin\view\template\extension\payment\2shop.tpl on line 9
2017-10-20 17:31:38 - PHP Notice:  Undefined variable: button_cancel in D:\OpenServer\domains\nak1.ru\admin\view\template\extension\payment\2shop.tpl on line 9
2017-10-20 17:31:38 - PHP Notice:  Undefined variable: breadcrumbs in D:\OpenServer\domains\nak1.ru\admin\view\template\extension\payment\2shop.tpl on line 12
2017-10-20 17:31:38 - PHP Warning:  Invalid argument supplied for foreach() in D:\OpenServer\domains\nak1.ru\admin\view\template\extension\payment\2shop.tpl on line 12
2017-10-20 17:31:38 - PHP Notice:  Undefined variable: entry_sort_order in D:\OpenServer\domains\nak1.ru\admin\view\template\extension\payment\2shop.tpl on line 19
2017-10-20 17:31:38 - PHP Notice:  Undefined variable: text_confirm in D:\OpenServer\domains\nak1.ru\admin\view\template\extension\payment\2shop.tpl on line 24
2017-10-20 17:31:38 - PHP Notice:  Undefined variable: clear_log in D:\OpenServer\domains\nak1.ru\admin\view\template\extension\payment\2shop.tpl on line 26
2017-10-20 17:32:00 - PHP Notice:  Undefined variable: permission in D:\OpenServer\domains\nak1.ru\admin\controller\extension\payment\2shop.php on line 38
2017-10-20 17:32:00 - PHP Notice:  Undefined variable: cancel in D:\OpenServer\domains\nak1.ru\admin\view\template\extension\payment\2shop.tpl on line 9
2017-10-20 17:32:00 - PHP Notice:  Undefined variable: button_cancel in D:\OpenServer\domains\nak1.ru\admin\view\template\extension\payment\2shop.tpl on line 9
2017-10-20 17:32:00 - PHP Notice:  Undefined variable: breadcrumbs in D:\OpenServer\domains\nak1.ru\admin\view\template\extension\payment\2shop.tpl on line 12
2017-10-20 17:32:00 - PHP Warning:  Invalid argument supplied for foreach() in D:\OpenServer\domains\nak1.ru\admin\view\template\extension\payment\2shop.tpl on line 12
2017-10-20 17:32:00 - PHP Notice:  Undefined variable: entry_sort_order in D:\OpenServer\domains\nak1.ru\admin\view\template\extension\payment\2shop.tpl on line 19
2017-10-20 17:32:00 - PHP Notice:  Undefined variable: text_confirm in D:\OpenServer\domains\nak1.ru\admin\view\template\extension\payment\2shop.tpl on line 24
2017-10-20 17:32:00 - PHP Notice:  Undefined variable: clear_log in D:\OpenServer\domains\nak1.ru\admin\view\template\extension\payment\2shop.tpl on line 26
2017-10-20 17:32:45 - PHP Notice:  Undefined variable: permission in D:\OpenServer\domains\nak1.ru\admin\controller\extension\payment\2shop.php on line 38
2017-10-20 17:32:45 - PHP Notice:  Undefined variable: cancel in D:\OpenServer\domains\nak1.ru\admin\view\template\extension\payment\2shop.tpl on line 9
2017-10-20 17:32:45 - PHP Notice:  Undefined variable: button_cancel in D:\OpenServer\domains\nak1.ru\admin\view\template\extension\payment\2shop.tpl on line 9
2017-10-20 17:32:45 - PHP Notice:  Undefined variable: entry_sort_order in D:\OpenServer\domains\nak1.ru\admin\view\template\extension\payment\2shop.tpl on line 15
2017-10-20 17:32:45 - PHP Notice:  Undefined variable: text_confirm in D:\OpenServer\domains\nak1.ru\admin\view\template\extension\payment\2shop.tpl on line 20
2017-10-20 17:32:45 - PHP Notice:  Undefined variable: clear_log in D:\OpenServer\domains\nak1.ru\admin\view\template\extension\payment\2shop.tpl on line 22
2017-10-20 17:33:08 - PHP Notice:  Undefined variable: permission in D:\OpenServer\domains\nak1.ru\admin\controller\extension\payment\2shop.php on line 38
2017-10-20 17:33:09 - PHP Notice:  Undefined variable: cancel in D:\OpenServer\domains\nak1.ru\admin\view\template\extension\payment\2shop.tpl on line 9
2017-10-20 17:33:09 - PHP Notice:  Undefined variable: button_cancel in D:\OpenServer\domains\nak1.ru\admin\view\template\extension\payment\2shop.tpl on line 9
2017-10-20 17:33:09 - PHP Notice:  Undefined variable: entry_sort_order in D:\OpenServer\domains\nak1.ru\admin\view\template\extension\payment\2shop.tpl on line 15
2017-10-20 17:33:09 - PHP Notice:  Undefined variable: text_confirm in D:\OpenServer\domains\nak1.ru\admin\view\template\extension\payment\2shop.tpl on line 20
2017-10-20 17:33:09 - PHP Notice:  Undefined variable: clear_log in D:\OpenServer\domains\nak1.ru\admin\view\template\extension\payment\2shop.tpl on line 22
2017-10-20 17:33:46 - PHP Notice:  Undefined variable: permission in D:\OpenServer\domains\nak1.ru\admin\controller\extension\payment\2shop.php on line 38
2017-10-20 17:33:46 - PHP Notice:  Undefined variable: cancel in D:\OpenServer\domains\nak1.ru\admin\view\template\extension\payment\2shop.tpl on line 9
2017-10-20 17:33:46 - PHP Notice:  Undefined variable: button_cancel in D:\OpenServer\domains\nak1.ru\admin\view\template\extension\payment\2shop.tpl on line 9
2017-10-20 17:33:46 - PHP Notice:  Undefined variable: entry_sort_order in D:\OpenServer\domains\nak1.ru\admin\view\template\extension\payment\2shop.tpl on line 15
2017-10-20 17:33:46 - PHP Notice:  Undefined variable: text_confirm in D:\OpenServer\domains\nak1.ru\admin\view\template\extension\payment\2shop.tpl on line 20
2017-10-20 17:33:46 - PHP Notice:  Undefined variable: clear_log in D:\OpenServer\domains\nak1.ru\admin\view\template\extension\payment\2shop.tpl on line 22
2017-10-20 17:34:24 - PHP Notice:  Undefined variable: button_save in D:\OpenServer\domains\nak1.ru\admin\view\template\extension\payment\2shop.tpl on line 7
2017-10-20 17:34:24 - PHP Notice:  Undefined variable: cancel in D:\OpenServer\domains\nak1.ru\admin\view\template\extension\payment\2shop.tpl on line 9
2017-10-20 17:34:24 - PHP Notice:  Undefined variable: button_cancel in D:\OpenServer\domains\nak1.ru\admin\view\template\extension\payment\2shop.tpl on line 9
2017-10-20 17:34:24 - PHP Notice:  Undefined variable: entry_sort_order in D:\OpenServer\domains\nak1.ru\admin\view\template\extension\payment\2shop.tpl on line 15
2017-10-20 17:34:24 - PHP Notice:  Undefined variable: text_confirm in D:\OpenServer\domains\nak1.ru\admin\view\template\extension\payment\2shop.tpl on line 20
2017-10-20 17:34:24 - PHP Notice:  Undefined variable: clear_log in D:\OpenServer\domains\nak1.ru\admin\view\template\extension\payment\2shop.tpl on line 22
2017-10-20 17:34:40 - PHP Notice:  Undefined variable: button_save in D:\OpenServer\domains\nak1.ru\admin\view\template\extension\payment\2shop.tpl on line 7
2017-10-20 17:34:40 - PHP Notice:  Undefined variable: cancel in D:\OpenServer\domains\nak1.ru\admin\view\template\extension\payment\2shop.tpl on line 9
2017-10-20 17:34:40 - PHP Notice:  Undefined variable: button_cancel in D:\OpenServer\domains\nak1.ru\admin\view\template\extension\payment\2shop.tpl on line 9
2017-10-20 17:34:40 - PHP Notice:  Undefined variable: entry_sort_order in D:\OpenServer\domains\nak1.ru\admin\view\template\extension\payment\2shop.tpl on line 15
2017-10-20 17:34:40 - PHP Notice:  Undefined variable: text_confirm in D:\OpenServer\domains\nak1.ru\admin\view\template\extension\payment\2shop.tpl on line 20
2017-10-20 17:34:40 - PHP Notice:  Undefined variable: clear_log in D:\OpenServer\domains\nak1.ru\admin\view\template\extension\payment\2shop.tpl on line 22
2017-10-20 17:34:42 - PHP Notice:  Undefined variable: button_save in D:\OpenServer\domains\nak1.ru\admin\view\template\extension\payment\2shop.tpl on line 7
2017-10-20 17:34:42 - PHP Notice:  Undefined variable: cancel in D:\OpenServer\domains\nak1.ru\admin\view\template\extension\payment\2shop.tpl on line 9
2017-10-20 17:34:42 - PHP Notice:  Undefined variable: button_cancel in D:\OpenServer\domains\nak1.ru\admin\view\template\extension\payment\2shop.tpl on line 9
2017-10-20 17:34:42 - PHP Notice:  Undefined variable: entry_sort_order in D:\OpenServer\domains\nak1.ru\admin\view\template\extension\payment\2shop.tpl on line 15
2017-10-20 17:34:42 - PHP Notice:  Undefined variable: text_confirm in D:\OpenServer\domains\nak1.ru\admin\view\template\extension\payment\2shop.tpl on line 20
2017-10-20 17:34:42 - PHP Notice:  Undefined variable: clear_log in D:\OpenServer\domains\nak1.ru\admin\view\template\extension\payment\2shop.tpl on line 22
2017-10-20 17:35:01 - PHP Notice:  Undefined variable: cancel in D:\OpenServer\domains\nak1.ru\admin\view\template\extension\payment\2shop.tpl on line 9
2017-10-20 17:35:01 - PHP Notice:  Undefined variable: entry_sort_order in D:\OpenServer\domains\nak1.ru\admin\view\template\extension\payment\2shop.tpl on line 15
2017-10-20 17:35:01 - PHP Notice:  Undefined variable: text_confirm in D:\OpenServer\domains\nak1.ru\admin\view\template\extension\payment\2shop.tpl on line 20
2017-10-20 17:35:01 - PHP Notice:  Undefined variable: clear_log in D:\OpenServer\domains\nak1.ru\admin\view\template\extension\payment\2shop.tpl on line 22
2017-10-20 17:35:08 - PHP Notice:  Undefined variable: cancel in D:\OpenServer\domains\nak1.ru\admin\view\template\extension\payment\2shop.tpl on line 9
2017-10-20 17:35:08 - PHP Notice:  Undefined variable: entry_sort_order in D:\OpenServer\domains\nak1.ru\admin\view\template\extension\payment\2shop.tpl on line 15
2017-10-20 17:35:08 - PHP Notice:  Undefined variable: text_confirm in D:\OpenServer\domains\nak1.ru\admin\view\template\extension\payment\2shop.tpl on line 20
2017-10-20 17:35:08 - PHP Notice:  Undefined variable: clear_log in D:\OpenServer\domains\nak1.ru\admin\view\template\extension\payment\2shop.tpl on line 22
2017-10-20 17:35:20 - PHP Notice:  Undefined variable: cancel in D:\OpenServer\domains\nak1.ru\admin\view\template\extension\payment\2shop.tpl on line 9
2017-10-20 17:35:20 - PHP Notice:  Undefined variable: entry_sort_order in D:\OpenServer\domains\nak1.ru\admin\view\template\extension\payment\2shop.tpl on line 15
2017-10-20 17:35:20 - PHP Notice:  Undefined variable: text_confirm in D:\OpenServer\domains\nak1.ru\admin\view\template\extension\payment\2shop.tpl on line 20
2017-10-20 17:35:20 - PHP Notice:  Undefined variable: clear_log in D:\OpenServer\domains\nak1.ru\admin\view\template\extension\payment\2shop.tpl on line 22
2017-10-20 17:36:03 - PHP Notice:  Undefined variable: cancel in D:\OpenServer\domains\nak1.ru\admin\view\template\extension\payment\2shop.tpl on line 9
2017-10-20 17:36:03 - PHP Notice:  Undefined variable: entry_sort_order in D:\OpenServer\domains\nak1.ru\admin\view\template\extension\payment\2shop.tpl on line 15
2017-10-20 17:36:03 - PHP Notice:  Undefined variable: text_confirm in D:\OpenServer\domains\nak1.ru\admin\view\template\extension\payment\2shop.tpl on line 20
2017-10-20 17:36:03 - PHP Notice:  Undefined variable: clear_log in D:\OpenServer\domains\nak1.ru\admin\view\template\extension\payment\2shop.tpl on line 22
2017-10-20 17:36:38 - PHP Notice:  Undefined variable: entry_sort_order in D:\OpenServer\domains\nak1.ru\admin\view\template\extension\payment\2shop.tpl on line 15
2017-10-20 17:36:38 - PHP Notice:  Undefined variable: text_confirm in D:\OpenServer\domains\nak1.ru\admin\view\template\extension\payment\2shop.tpl on line 20
2017-10-20 17:36:47 - PHP Notice:  Undefined variable: entry_sort_order in D:\OpenServer\domains\nak1.ru\admin\view\template\extension\payment\2shop.tpl on line 15
2017-10-20 17:36:47 - PHP Notice:  Undefined variable: text_confirm in D:\OpenServer\domains\nak1.ru\admin\view\template\extension\payment\2shop.tpl on line 20
2017-10-20 17:36:57 - PHP Notice:  Undefined variable: entry_sort_order in D:\OpenServer\domains\nak1.ru\admin\view\template\extension\payment\2shop.tpl on line 15
2017-10-20 17:36:57 - PHP Notice:  Undefined variable: text_confirm in D:\OpenServer\domains\nak1.ru\admin\view\template\extension\payment\2shop.tpl on line 20
2017-10-20 17:38:41 - PHP Notice:  Undefined variable: entry_sort_order in D:\OpenServer\domains\nak1.ru\admin\view\template\extension\payment\2shop.tpl on line 15
2017-10-20 17:38:41 - PHP Notice:  Undefined variable: text_confirm in D:\OpenServer\domains\nak1.ru\admin\view\template\extension\payment\2shop.tpl on line 21
2017-10-20 17:38:47 - PHP Notice:  Undefined variable: entry_sort_order in D:\OpenServer\domains\nak1.ru\admin\view\template\extension\payment\2shop.tpl on line 15
2017-10-20 17:38:47 - PHP Notice:  Undefined variable: text_confirm in D:\OpenServer\domains\nak1.ru\admin\view\template\extension\payment\2shop.tpl on line 21
2017-10-20 17:38:57 - PHP Notice:  Undefined variable: entry_sort_order in D:\OpenServer\domains\nak1.ru\admin\view\template\extension\payment\2shop.tpl on line 15
2017-10-20 17:38:57 - PHP Notice:  Undefined variable: text_confirm in D:\OpenServer\domains\nak1.ru\admin\view\template\extension\payment\2shop.tpl on line 21
2017-10-20 17:40:27 - PHP Notice:  Undefined variable: entry_sort_order in D:\OpenServer\domains\nak1.ru\admin\view\template\extension\payment\2shop.tpl on line 15
2017-10-20 17:40:27 - PHP Notice:  Undefined variable: text_confirm in D:\OpenServer\domains\nak1.ru\admin\view\template\extension\payment\2shop.tpl on line 21
2017-10-20 17:40:39 - PHP Notice:  Undefined variable: entry_sort_order in D:\OpenServer\domains\nak1.ru\admin\view\template\extension\payment\2shop.tpl on line 15
2017-10-20 17:40:39 - PHP Notice:  Undefined variable: text_confirm in D:\OpenServer\domains\nak1.ru\admin\view\template\extension\payment\2shop.tpl on line 21
2017-10-20 17:41:08 - PHP Notice:  Undefined variable: text_confirm in D:\OpenServer\domains\nak1.ru\admin\view\template\extension\payment\2shop.tpl on line 21
2017-10-20 17:41:15 - PHP Notice:  Undefined variable: text_confirm in D:\OpenServer\domains\nak1.ru\admin\view\template\extension\payment\2shop.tpl on line 21
2017-10-20 17:42:03 - PHP Notice:  Undefined variable: text_confirm in D:\OpenServer\domains\nak1.ru\admin\view\template\extension\payment\2shop.tpl on line 21
2017-10-20 17:42:09 - PHP Notice:  Undefined variable: text_confirm in D:\OpenServer\domains\nak1.ru\admin\view\template\extension\payment\2shop.tpl on line 21
2017-10-20 17:43:51 - PHP Notice:  Undefined variable: entry_sort_order in D:\OpenServer\domains\nak1.ru\admin\view\template\extension\payment\2shop.tpl on line 17
2017-10-20 17:43:51 - PHP Notice:  Undefined variable: entry_sort_order in D:\OpenServer\domains\nak1.ru\admin\view\template\extension\payment\2shop.tpl on line 20
2017-10-20 17:43:51 - PHP Notice:  Undefined variable: text_confirm in D:\OpenServer\domains\nak1.ru\admin\view\template\extension\payment\2shop.tpl on line 29
2017-10-20 17:43:57 - PHP Notice:  Undefined variable: entry_sort_order in D:\OpenServer\domains\nak1.ru\admin\view\template\extension\payment\2shop.tpl on line 17
2017-10-20 17:43:57 - PHP Notice:  Undefined variable: entry_sort_order in D:\OpenServer\domains\nak1.ru\admin\view\template\extension\payment\2shop.tpl on line 20
2017-10-20 17:43:57 - PHP Notice:  Undefined variable: text_confirm in D:\OpenServer\domains\nak1.ru\admin\view\template\extension\payment\2shop.tpl on line 29
2017-10-20 18:45:00 - PHP Notice:  Undefined variable: entry_sort_order in D:\OpenServer\domains\nak1.ru\admin\view\template\extension\payment\2shop.tpl on line 17
2017-10-20 18:45:00 - PHP Notice:  Undefined variable: entry_sort_order in D:\OpenServer\domains\nak1.ru\admin\view\template\extension\payment\2shop.tpl on line 20
2017-10-20 18:45:00 - PHP Notice:  Undefined variable: text_confirm in D:\OpenServer\domains\nak1.ru\admin\view\template\extension\payment\2shop.tpl on line 29
2017-10-20 18:45:08 - PHP Notice:  Undefined variable: entry_sort_order in D:\OpenServer\domains\nak1.ru\admin\view\template\extension\payment\2shop.tpl on line 17
2017-10-20 18:45:08 - PHP Notice:  Undefined variable: entry_sort_order in D:\OpenServer\domains\nak1.ru\admin\view\template\extension\payment\2shop.tpl on line 20
2017-10-20 18:45:08 - PHP Notice:  Undefined variable: text_confirm in D:\OpenServer\domains\nak1.ru\admin\view\template\extension\payment\2shop.tpl on line 29
2017-10-20 18:45:16 - PHP Notice:  Undefined variable: entry_sort_order in D:\OpenServer\domains\nak1.ru\admin\view\template\extension\payment\2shop.tpl on line 17
2017-10-20 18:45:16 - PHP Notice:  Undefined variable: entry_sort_order in D:\OpenServer\domains\nak1.ru\admin\view\template\extension\payment\2shop.tpl on line 20
2017-10-20 18:45:16 - PHP Notice:  Undefined variable: text_confirm in D:\OpenServer\domains\nak1.ru\admin\view\template\extension\payment\2shop.tpl on line 29
2017-10-20 18:46:46 - PHP Notice:  Undefined variable: server in D:\OpenServer\domains\nak1.ru\admin\controller\extension\payment\2shop.php on line 54
2017-10-20 18:46:46 - PHP Notice:  Undefined variable: server in D:\OpenServer\domains\nak1.ru\admin\controller\extension\payment\2shop.php on line 55
2017-10-20 18:46:46 - PHP Notice:  Undefined variable: server in D:\OpenServer\domains\nak1.ru\admin\controller\extension\payment\2shop.php on line 56
2017-10-20 18:46:46 - PHP Notice:  Undefined variable: server in D:\OpenServer\domains\nak1.ru\admin\controller\extension\payment\2shop.php on line 57
2017-10-20 18:46:46 - PHP Notice:  Undefined variable: ik_currencies in D:\OpenServer\domains\nak1.ru\admin\controller\extension\payment\2shop.php on line 66
2017-10-20 18:46:47 - PHP Notice:  Undefined variable: server in D:\OpenServer\domains\nak1.ru\admin\controller\extension\payment\2shop.php on line 54
2017-10-20 18:46:47 - PHP Notice:  Undefined variable: server in D:\OpenServer\domains\nak1.ru\admin\controller\extension\payment\2shop.php on line 55
2017-10-20 18:46:47 - PHP Notice:  Undefined variable: server in D:\OpenServer\domains\nak1.ru\admin\controller\extension\payment\2shop.php on line 56
2017-10-20 18:46:47 - PHP Notice:  Undefined variable: server in D:\OpenServer\domains\nak1.ru\admin\controller\extension\payment\2shop.php on line 57
2017-10-20 18:46:47 - PHP Notice:  Undefined variable: ik_currencies in D:\OpenServer\domains\nak1.ru\admin\controller\extension\payment\2shop.php on line 66
2017-10-20 18:47:03 - PHP Notice:  Undefined variable: server in D:\OpenServer\domains\nak1.ru\admin\controller\extension\payment\2shop.php on line 57
2017-10-20 18:47:03 - PHP Notice:  Undefined variable: server in D:\OpenServer\domains\nak1.ru\admin\controller\extension\payment\2shop.php on line 58
2017-10-20 18:47:03 - PHP Notice:  Undefined variable: server in D:\OpenServer\domains\nak1.ru\admin\controller\extension\payment\2shop.php on line 59
2017-10-20 18:47:03 - PHP Notice:  Undefined variable: server in D:\OpenServer\domains\nak1.ru\admin\controller\extension\payment\2shop.php on line 60
2017-10-20 18:47:03 - PHP Notice:  Undefined variable: ik_currencies in D:\OpenServer\domains\nak1.ru\admin\controller\extension\payment\2shop.php on line 69
2017-10-20 18:47:03 - PHP Warning:  array_intersect_key(): Argument #1 is not an array in D:\OpenServer\domains\nak1.ru\admin\controller\extension\payment\2shop.php on line 69
2017-10-20 18:47:03 - PHP Notice:  Undefined variable: ik_lifetimes in D:\OpenServer\domains\nak1.ru\admin\controller\extension\payment\2shop.php on line 70
2017-10-20 18:47:03 - PHP Notice:  Undefined variable: entry_sort_order in D:\OpenServer\domains\nak1.ru\admin\view\template\extension\payment\2shop.tpl on line 17
2017-10-20 18:47:03 - PHP Notice:  Undefined variable: entry_sort_order in D:\OpenServer\domains\nak1.ru\admin\view\template\extension\payment\2shop.tpl on line 20
2017-10-20 18:47:03 - PHP Notice:  Undefined variable: text_confirm in D:\OpenServer\domains\nak1.ru\admin\view\template\extension\payment\2shop.tpl on line 29
2017-10-20 18:47:13 - PHP Notice:  Undefined variable: server in D:\OpenServer\domains\nak1.ru\admin\controller\extension\payment\2shop.php on line 57
2017-10-20 18:47:13 - PHP Notice:  Undefined variable: server in D:\OpenServer\domains\nak1.ru\admin\controller\extension\payment\2shop.php on line 58
2017-10-20 18:47:13 - PHP Notice:  Undefined variable: server in D:\OpenServer\domains\nak1.ru\admin\controller\extension\payment\2shop.php on line 59
2017-10-20 18:47:13 - PHP Notice:  Undefined variable: server in D:\OpenServer\domains\nak1.ru\admin\controller\extension\payment\2shop.php on line 60
2017-10-20 18:47:13 - PHP Notice:  Undefined variable: ik_currencies in D:\OpenServer\domains\nak1.ru\admin\controller\extension\payment\2shop.php on line 69
2017-10-20 18:47:13 - PHP Warning:  array_intersect_key(): Argument #1 is not an array in D:\OpenServer\domains\nak1.ru\admin\controller\extension\payment\2shop.php on line 69
2017-10-20 18:47:13 - PHP Notice:  Undefined variable: ik_lifetimes in D:\OpenServer\domains\nak1.ru\admin\controller\extension\payment\2shop.php on line 70
2017-10-20 18:47:13 - PHP Notice:  Undefined variable: entry_sort_order in D:\OpenServer\domains\nak1.ru\admin\view\template\extension\payment\2shop.tpl on line 17
2017-10-20 18:47:13 - PHP Notice:  Undefined variable: entry_sort_order in D:\OpenServer\domains\nak1.ru\admin\view\template\extension\payment\2shop.tpl on line 20
2017-10-20 18:47:13 - PHP Notice:  Undefined variable: text_confirm in D:\OpenServer\domains\nak1.ru\admin\view\template\extension\payment\2shop.tpl on line 29
2017-10-20 18:48:11 - PHP Notice:  Undefined variable: server in D:\OpenServer\domains\nak1.ru\admin\controller\extension\payment\2shop.php on line 57
2017-10-20 18:48:11 - PHP Notice:  Undefined variable: server in D:\OpenServer\domains\nak1.ru\admin\controller\extension\payment\2shop.php on line 58
2017-10-20 18:48:11 - PHP Notice:  Undefined variable: server in D:\OpenServer\domains\nak1.ru\admin\controller\extension\payment\2shop.php on line 59
2017-10-20 18:48:11 - PHP Notice:  Undefined variable: server in D:\OpenServer\domains\nak1.ru\admin\controller\extension\payment\2shop.php on line 60
2017-10-20 18:48:11 - PHP Notice:  Undefined variable: ik_currencies in D:\OpenServer\domains\nak1.ru\admin\controller\extension\payment\2shop.php on line 69
2017-10-20 18:48:11 - PHP Warning:  array_intersect_key(): Argument #1 is not an array in D:\OpenServer\domains\nak1.ru\admin\controller\extension\payment\2shop.php on line 69
2017-10-20 18:48:11 - PHP Notice:  Undefined variable: ik_lifetimes in D:\OpenServer\domains\nak1.ru\admin\controller\extension\payment\2shop.php on line 70
2017-10-20 18:48:11 - PHP Notice:  Undefined variable: entry_sort_order in D:\OpenServer\domains\nak1.ru\admin\view\template\extension\payment\2shop.tpl on line 17
2017-10-20 18:48:11 - PHP Notice:  Undefined variable: entry_sort_order in D:\OpenServer\domains\nak1.ru\admin\view\template\extension\payment\2shop.tpl on line 20
2017-10-20 18:48:11 - PHP Notice:  Undefined variable: text_confirm in D:\OpenServer\domains\nak1.ru\admin\view\template\extension\payment\2shop.tpl on line 29
2017-10-20 18:48:18 - PHP Notice:  Undefined variable: server in D:\OpenServer\domains\nak1.ru\admin\controller\extension\payment\2shop.php on line 57
2017-10-20 18:48:18 - PHP Notice:  Undefined variable: server in D:\OpenServer\domains\nak1.ru\admin\controller\extension\payment\2shop.php on line 58
2017-10-20 18:48:18 - PHP Notice:  Undefined variable: server in D:\OpenServer\domains\nak1.ru\admin\controller\extension\payment\2shop.php on line 59
2017-10-20 18:48:18 - PHP Notice:  Undefined variable: server in D:\OpenServer\domains\nak1.ru\admin\controller\extension\payment\2shop.php on line 60
2017-10-20 18:48:18 - PHP Notice:  Undefined variable: ik_currencies in D:\OpenServer\domains\nak1.ru\admin\controller\extension\payment\2shop.php on line 69
2017-10-20 18:48:18 - PHP Warning:  array_intersect_key(): Argument #1 is not an array in D:\OpenServer\domains\nak1.ru\admin\controller\extension\payment\2shop.php on line 69
2017-10-20 18:48:18 - PHP Notice:  Undefined variable: ik_lifetimes in D:\OpenServer\domains\nak1.ru\admin\controller\extension\payment\2shop.php on line 70
2017-10-20 18:48:19 - PHP Notice:  Undefined variable: entry_sort_order in D:\OpenServer\domains\nak1.ru\admin\view\template\extension\payment\2shop.tpl on line 17
2017-10-20 18:48:19 - PHP Notice:  Undefined variable: entry_sort_order in D:\OpenServer\domains\nak1.ru\admin\view\template\extension\payment\2shop.tpl on line 20
2017-10-20 18:48:19 - PHP Notice:  Undefined variable: text_confirm in D:\OpenServer\domains\nak1.ru\admin\view\template\extension\payment\2shop.tpl on line 29
2017-10-20 18:49:34 - PHP Notice:  Undefined variable: ik_currencies in D:\OpenServer\domains\nak1.ru\admin\controller\extension\payment\2shop.php on line 70
2017-10-20 18:49:34 - PHP Warning:  array_intersect_key(): Argument #1 is not an array in D:\OpenServer\domains\nak1.ru\admin\controller\extension\payment\2shop.php on line 70
2017-10-20 18:49:34 - PHP Notice:  Undefined variable: ik_lifetimes in D:\OpenServer\domains\nak1.ru\admin\controller\extension\payment\2shop.php on line 71
2017-10-20 18:49:34 - PHP Notice:  Undefined variable: entry_sort_order in D:\OpenServer\domains\nak1.ru\admin\view\template\extension\payment\2shop.tpl on line 17
2017-10-20 18:49:34 - PHP Notice:  Undefined variable: entry_sort_order in D:\OpenServer\domains\nak1.ru\admin\view\template\extension\payment\2shop.tpl on line 20
2017-10-20 18:49:34 - PHP Notice:  Undefined variable: text_confirm in D:\OpenServer\domains\nak1.ru\admin\view\template\extension\payment\2shop.tpl on line 29
2017-10-20 18:50:23 - PHP Notice:  Undefined variable: ik_currencies in D:\OpenServer\domains\nak1.ru\admin\controller\extension\payment\2shop.php on line 70
2017-10-20 18:50:23 - PHP Warning:  array_intersect_key(): Argument #1 is not an array in D:\OpenServer\domains\nak1.ru\admin\controller\extension\payment\2shop.php on line 70
2017-10-20 18:50:23 - PHP Notice:  Undefined variable: ik_lifetimes in D:\OpenServer\domains\nak1.ru\admin\controller\extension\payment\2shop.php on line 71
2017-10-20 18:50:23 - PHP Notice:  Undefined variable: entry_sort_order in D:\OpenServer\domains\nak1.ru\admin\view\template\extension\payment\2shop.tpl on line 17
2017-10-20 18:50:23 - PHP Notice:  Undefined variable: entry_sort_order in D:\OpenServer\domains\nak1.ru\admin\view\template\extension\payment\2shop.tpl on line 20
2017-10-20 18:50:23 - PHP Notice:  Undefined variable: text_confirm in D:\OpenServer\domains\nak1.ru\admin\view\template\extension\payment\2shop.tpl on line 29
2017-10-20 18:50:30 - PHP Notice:  Undefined variable: ik_currencies in D:\OpenServer\domains\nak1.ru\admin\controller\extension\payment\2shop.php on line 70
2017-10-20 18:50:30 - PHP Warning:  array_intersect_key(): Argument #1 is not an array in D:\OpenServer\domains\nak1.ru\admin\controller\extension\payment\2shop.php on line 70
2017-10-20 18:50:30 - PHP Notice:  Undefined variable: ik_lifetimes in D:\OpenServer\domains\nak1.ru\admin\controller\extension\payment\2shop.php on line 71
2017-10-20 18:50:30 - PHP Notice:  Undefined variable: entry_sort_order in D:\OpenServer\domains\nak1.ru\admin\view\template\extension\payment\2shop.tpl on line 17
2017-10-20 18:50:30 - PHP Notice:  Undefined variable: entry_sort_order in D:\OpenServer\domains\nak1.ru\admin\view\template\extension\payment\2shop.tpl on line 20
2017-10-20 18:50:30 - PHP Notice:  Undefined variable: text_confirm in D:\OpenServer\domains\nak1.ru\admin\view\template\extension\payment\2shop.tpl on line 29
2017-10-20 18:51:14 - PHP Notice:  Undefined variable: entry_sort_order in D:\OpenServer\domains\nak1.ru\admin\view\template\extension\payment\2shop.tpl on line 17
2017-10-20 18:51:14 - PHP Notice:  Undefined variable: entry_sort_order in D:\OpenServer\domains\nak1.ru\admin\view\template\extension\payment\2shop.tpl on line 20
2017-10-20 18:51:14 - PHP Notice:  Undefined variable: text_confirm in D:\OpenServer\domains\nak1.ru\admin\view\template\extension\payment\2shop.tpl on line 29
2017-10-20 18:51:21 - PHP Notice:  Undefined variable: entry_sort_order in D:\OpenServer\domains\nak1.ru\admin\view\template\extension\payment\2shop.tpl on line 17
2017-10-20 18:51:21 - PHP Notice:  Undefined variable: entry_sort_order in D:\OpenServer\domains\nak1.ru\admin\view\template\extension\payment\2shop.tpl on line 20
2017-10-20 18:51:21 - PHP Notice:  Undefined variable: text_confirm in D:\OpenServer\domains\nak1.ru\admin\view\template\extension\payment\2shop.tpl on line 29
2017-10-20 18:54:20 - PHP Notice:  Undefined variable: entry_sort_order in D:\OpenServer\domains\nak1.ru\admin\view\template\extension\payment\2shop.tpl on line 17
2017-10-20 18:54:20 - PHP Notice:  Undefined variable: entry_sort_order in D:\OpenServer\domains\nak1.ru\admin\view\template\extension\payment\2shop.tpl on line 20
2017-10-20 18:54:20 - PHP Notice:  Undefined variable: text_confirm in D:\OpenServer\domains\nak1.ru\admin\view\template\extension\payment\2shop.tpl on line 29
2017-10-20 18:54:27 - PHP Notice:  Undefined variable: entry_sort_order in D:\OpenServer\domains\nak1.ru\admin\view\template\extension\payment\2shop.tpl on line 17
2017-10-20 18:54:27 - PHP Notice:  Undefined variable: entry_sort_order in D:\OpenServer\domains\nak1.ru\admin\view\template\extension\payment\2shop.tpl on line 20
2017-10-20 18:54:27 - PHP Notice:  Undefined variable: text_confirm in D:\OpenServer\domains\nak1.ru\admin\view\template\extension\payment\2shop.tpl on line 29
2017-10-20 18:54:35 - PHP Notice:  Undefined variable: entry_sort_order in D:\OpenServer\domains\nak1.ru\admin\view\template\extension\payment\2shop.tpl on line 17
2017-10-20 18:54:35 - PHP Notice:  Undefined variable: entry_sort_order in D:\OpenServer\domains\nak1.ru\admin\view\template\extension\payment\2shop.tpl on line 20
2017-10-20 18:54:35 - PHP Notice:  Undefined variable: text_confirm in D:\OpenServer\domains\nak1.ru\admin\view\template\extension\payment\2shop.tpl on line 29
2017-10-20 19:00:38 - PHP Notice:  Undefined variable: entry_sort_order in D:\OpenServer\domains\nak1.ru\admin\view\template\extension\payment\2shop.tpl on line 17
2017-10-20 19:00:38 - PHP Notice:  Undefined variable: entry_sort_order in D:\OpenServer\domains\nak1.ru\admin\view\template\extension\payment\2shop.tpl on line 20
2017-10-20 19:00:38 - PHP Notice:  Undefined variable: text_confirm in D:\OpenServer\domains\nak1.ru\admin\view\template\extension\payment\2shop.tpl on line 29
2017-10-20 19:01:10 - PHP Notice:  Undefined variable: text_confirm in D:\OpenServer\domains\nak1.ru\admin\view\template\extension\payment\2shop.tpl on line 29
2017-10-20 19:01:16 - PHP Notice:  Undefined variable: text_confirm in D:\OpenServer\domains\nak1.ru\admin\view\template\extension\payment\2shop.tpl on line 29
2017-10-20 19:09:40 - PHP Notice:  Undefined variable: ajax in D:\OpenServer\domains\nak1.ru\catalog\view\theme\destiny\template\checkout\simplecheckout_cart.tpl on line 1
2017-10-20 19:09:40 - PHP Notice:  Undefined variable: popup in D:\OpenServer\domains\nak1.ru\catalog\view\theme\destiny\template\checkout\simplecheckout_cart.tpl on line 1
2017-10-20 19:09:40 - PHP Notice:  Undefined variable: as_module in D:\OpenServer\domains\nak1.ru\catalog\view\theme\destiny\template\checkout\simplecheckout_cart.tpl on line 1
2017-10-20 19:09:40 - PHP Notice:  Undefined variable: heading_title in D:\OpenServer\domains\nak1.ru\catalog\view\theme\destiny\template\checkout\simplecheckout_cart.tpl on line 4
2017-10-20 19:09:40 - PHP Notice:  Undefined variable: simple_header in D:\OpenServer\domains\nak1.ru\catalog\view\theme\destiny\template\checkout\simplecheckout_cart.tpl on line 5
2017-10-20 19:09:40 - PHP Warning:  include(D:\OpenServer\domains\nak1.ru): failed to open stream: Permission denied in D:\OpenServer\domains\nak1.ru\catalog\view\theme\destiny\template\checkout\simplecheckout_cart.tpl on line 5
2017-10-20 19:09:40 - PHP Warning:  include(): Filename cannot be empty in D:\OpenServer\domains\nak1.ru\catalog\view\theme\destiny\template\checkout\simplecheckout_cart.tpl on line 5
2017-10-20 19:09:40 - PHP Warning:  include(): Failed opening '' for inclusion (include_path='.;d:/openserver/modules/php/PHP-5.6;d:/openserver/modules/php/PHP-5.6/PEAR/pear') in D:\OpenServer\domains\nak1.ru\catalog\view\theme\destiny\template\checkout\simplecheckout_cart.tpl on line 5
2017-10-20 19:09:40 - PHP Notice:  Undefined variable: left_column_width in D:\OpenServer\domains\nak1.ru\catalog\view\theme\destiny\template\checkout\simplecheckout_cart.tpl on line 8
2017-10-20 19:09:40 - PHP Notice:  Undefined variable: right_column_width in D:\OpenServer\domains\nak1.ru\catalog\view\theme\destiny\template\checkout\simplecheckout_cart.tpl on line 18
2017-10-20 19:09:40 - PHP Notice:  Undefined variable: customer_with_payment_address in D:\OpenServer\domains\nak1.ru\catalog\view\theme\destiny\template\checkout\simplecheckout_cart.tpl on line 28
2017-10-20 19:09:40 - PHP Notice:  Undefined variable: customer_with_shipping_address in D:\OpenServer\domains\nak1.ru\catalog\view\theme\destiny\template\checkout\simplecheckout_cart.tpl on line 44
2017-10-20 19:09:40 - PHP Notice:  Undefined variable: ajax in D:\OpenServer\domains\nak1.ru\catalog\view\theme\destiny\template\checkout\simplecheckout_cart.tpl on line 63
2017-10-20 19:09:40 - PHP Notice:  Undefined variable: group in D:\OpenServer\domains\nak1.ru\catalog\view\theme\destiny\template\checkout\simplecheckout_cart.tpl on line 65
2017-10-20 19:09:40 - PHP Notice:  Undefined variable: group in D:\OpenServer\domains\nak1.ru\catalog\view\theme\destiny\template\checkout\simplecheckout_cart.tpl on line 67
2017-10-20 19:09:40 - PHP Notice:  Undefined variable: group in D:\OpenServer\domains\nak1.ru\catalog\view\theme\destiny\template\checkout\simplecheckout_cart.tpl on line 69
2017-10-20 19:09:40 - PHP Notice:  Undefined variable: additional_params in D:\OpenServer\domains\nak1.ru\catalog\view\theme\destiny\template\checkout\simplecheckout_cart.tpl on line 71
2017-10-20 19:09:40 - PHP Notice:  Undefined variable: action in D:\OpenServer\domains\nak1.ru\catalog\view\theme\destiny\template\checkout\simplecheckout_cart.tpl on line 73
2017-10-20 19:09:40 - PHP Notice:  Undefined variable: group in D:\OpenServer\domains\nak1.ru\catalog\view\theme\destiny\template\checkout\simplecheckout_cart.tpl on line 74
2017-10-20 19:09:40 - PHP Notice:  Undefined variable: current_theme in D:\OpenServer\domains\nak1.ru\catalog\view\theme\destiny\template\checkout\simplecheckout_cart.tpl on line 75
2017-10-20 19:09:40 - PHP Notice:  Undefined variable: login_type in D:\OpenServer\domains\nak1.ru\catalog\view\theme\destiny\template\checkout\simplecheckout_cart.tpl on line 76
2017-10-20 19:09:40 - PHP Notice:  Undefined variable: display_proceed_text in D:\OpenServer\domains\nak1.ru\catalog\view\theme\destiny\template\checkout\simplecheckout_cart.tpl on line 77
2017-10-20 19:09:40 - PHP Notice:  Undefined variable: scroll_to_error in D:\OpenServer\domains\nak1.ru\catalog\view\theme\destiny\template\checkout\simplecheckout_cart.tpl on line 78
2017-10-20 19:09:40 - PHP Notice:  Undefined variable: scroll_to_payment_form in D:\OpenServer\domains\nak1.ru\catalog\view\theme\destiny\template\checkout\simplecheckout_cart.tpl on line 79
2017-10-20 19:09:40 - PHP Notice:  Undefined variable: notification_default in D:\OpenServer\domains\nak1.ru\catalog\view\theme\destiny\template\checkout\simplecheckout_cart.tpl on line 80
2017-10-20 19:09:40 - PHP Notice:  Undefined variable: notification_toasts in D:\OpenServer\domains\nak1.ru\catalog\view\theme\destiny\template\checkout\simplecheckout_cart.tpl on line 81
2017-10-20 19:09:40 - PHP Notice:  Undefined variable: notification_check_form in D:\OpenServer\domains\nak1.ru\catalog\view\theme\destiny\template\checkout\simplecheckout_cart.tpl on line 82
2017-10-20 19:09:40 - PHP Notice:  Undefined variable: notification_check_form_text in D:\OpenServer\domains\nak1.ru\catalog\view\theme\destiny\template\checkout\simplecheckout_cart.tpl on line 83
2017-10-20 19:09:40 - PHP Notice:  Undefined variable: use_autocomplete in D:\OpenServer\domains\nak1.ru\catalog\view\theme\destiny\template\checkout\simplecheckout_cart.tpl on line 84
2017-10-20 19:09:40 - PHP Notice:  Undefined variable: use_google_api in D:\OpenServer\domains\nak1.ru\catalog\view\theme\destiny\template\checkout\simplecheckout_cart.tpl on line 85
2017-10-20 19:09:40 - PHP Notice:  Undefined variable: use_storage in D:\OpenServer\domains\nak1.ru\catalog\view\theme\destiny\template\checkout\simplecheckout_cart.tpl on line 86
2017-10-20 19:09:40 - PHP Notice:  Undefined variable: popup in D:\OpenServer\domains\nak1.ru\catalog\view\theme\destiny\template\checkout\simplecheckout_cart.tpl on line 87
2017-10-20 19:09:40 - PHP Notice:  Undefined variable: as_module in D:\OpenServer\domains\nak1.ru\catalog\view\theme\destiny\template\checkout\simplecheckout_cart.tpl on line 87
2017-10-20 19:09:40 - PHP Notice:  Undefined variable: agreement_checkbox_step in D:\OpenServer\domains\nak1.ru\catalog\view\theme\destiny\template\checkout\simplecheckout_cart.tpl on line 88
2017-10-20 19:09:40 - PHP Notice:  Undefined variable: enable_reloading_of_payment_form in D:\OpenServer\domains\nak1.ru\catalog\view\theme\destiny\template\checkout\simplecheckout_cart.tpl on line 89
2017-10-20 19:09:40 - PHP Notice:  Undefined variable: javascript_callback in D:\OpenServer\domains\nak1.ru\catalog\view\theme\destiny\template\checkout\simplecheckout_cart.tpl on line 90
2017-10-20 19:09:40 - PHP Notice:  Undefined variable: step_buttons in D:\OpenServer\domains\nak1.ru\catalog\view\theme\destiny\template\checkout\simplecheckout_cart.tpl on line 91
2017-10-20 19:09:40 - PHP Notice:  Undefined variable: menu_type in D:\OpenServer\domains\nak1.ru\catalog\view\theme\destiny\template\checkout\simplecheckout_cart.tpl on line 92
2017-10-20 19:09:40 - PHP Notice:  Undefined variable: notification_position in D:\OpenServer\domains\nak1.ru\catalog\view\theme\destiny\template\checkout\simplecheckout_cart.tpl on line 96
2017-10-20 19:09:40 - PHP Notice:  Undefined variable: notification_timeout in D:\OpenServer\domains\nak1.ru\catalog\view\theme\destiny\template\checkout\simplecheckout_cart.tpl on line 97
2017-10-20 19:09:40 - PHP Notice:  Undefined variable: group in D:\OpenServer\domains\nak1.ru\catalog\view\theme\destiny\template\checkout\simplecheckout_cart.tpl on line 104
2017-10-20 19:09:40 - PHP Notice:  Undefined variable: group in D:\OpenServer\domains\nak1.ru\catalog\view\theme\destiny\template\checkout\simplecheckout_cart.tpl on line 115
2017-10-20 19:09:40 - PHP Notice:  Undefined variable: group in D:\OpenServer\domains\nak1.ru\catalog\view\theme\destiny\template\checkout\simplecheckout_cart.tpl on line 120
2017-10-20 19:09:40 - PHP Notice:  Undefined variable: display_error in D:\OpenServer\domains\nak1.ru\catalog\view\theme\destiny\template\checkout\simplecheckout_cart.tpl on line 120
2017-10-20 19:09:40 - PHP Notice:  Undefined variable: logged in D:\OpenServer\domains\nak1.ru\catalog\view\theme\destiny\template\checkout\simplecheckout_cart.tpl on line 120
2017-10-20 19:09:40 - PHP Notice:  Undefined variable: cart_empty in D:\OpenServer\domains\nak1.ru\catalog\view\theme\destiny\template\checkout\simplecheckout_cart.tpl on line 122
2017-10-20 19:09:40 - PHP Notice:  Undefined variable: steps_count in D:\OpenServer\domains\nak1.ru\catalog\view\theme\destiny\template\checkout\simplecheckout_cart.tpl on line 123
2017-10-20 19:09:40 - PHP Notice:  Undefined variable: steps_count in D:\OpenServer\domains\nak1.ru\catalog\view\theme\destiny\template\checkout\simplecheckout_cart.tpl on line 137
2017-10-20 19:09:40 - PHP Notice:  Undefined variable: simple_blocks in D:\OpenServer\domains\nak1.ru\catalog\view\theme\destiny\template\checkout\simplecheckout_cart.tpl on line 152
2017-10-20 19:09:40 - PHP Notice:  Undefined variable: simple_blocks in D:\OpenServer\domains\nak1.ru\catalog\view\theme\destiny\template\checkout\simplecheckout_cart.tpl on line 153
2017-10-20 19:09:40 - PHP Notice:  Undefined variable: simple_blocks in D:\OpenServer\domains\nak1.ru\catalog\view\theme\destiny\template\checkout\simplecheckout_cart.tpl on line 154
2017-10-20 19:09:40 - PHP Notice:  Undefined variable: simple_blocks in D:\OpenServer\domains\nak1.ru\catalog\view\theme\destiny\template\checkout\simplecheckout_cart.tpl on line 155
2017-10-20 19:09:40 - PHP Notice:  Undefined variable: simple_blocks in D:\OpenServer\domains\nak1.ru\catalog\view\theme\destiny\template\checkout\simplecheckout_cart.tpl on line 156
2017-10-20 19:09:40 - PHP Notice:  Undefined variable: simple_blocks in D:\OpenServer\domains\nak1.ru\catalog\view\theme\destiny\template\checkout\simplecheckout_cart.tpl on line 157
2017-10-20 19:09:40 - PHP Notice:  Undefined variable: simple_blocks in D:\OpenServer\domains\nak1.ru\catalog\view\theme\destiny\template\checkout\simplecheckout_cart.tpl on line 158
2017-10-20 19:09:40 - PHP Notice:  Undefined variable: simple_blocks in D:\OpenServer\domains\nak1.ru\catalog\view\theme\destiny\template\checkout\simplecheckout_cart.tpl on line 159
2017-10-20 19:09:40 - PHP Notice:  Undefined variable: simple_blocks in D:\OpenServer\domains\nak1.ru\catalog\view\theme\destiny\template\checkout\simplecheckout_cart.tpl on line 160
2017-10-20 19:09:40 - PHP Notice:  Undefined variable: simple_blocks in D:\OpenServer\domains\nak1.ru\catalog\view\theme\destiny\template\checkout\simplecheckout_cart.tpl on line 161
2017-10-20 19:09:40 - PHP Notice:  Undefined variable: simple_blocks in D:\OpenServer\domains\nak1.ru\catalog\view\theme\destiny\template\checkout\simplecheckout_cart.tpl on line 162
2017-10-20 19:09:40 - PHP Notice:  Undefined variable: simple_blocks in D:\OpenServer\domains\nak1.ru\catalog\view\theme\destiny\template\checkout\simplecheckout_cart.tpl on line 188
2017-10-20 19:09:40 - PHP Warning:  Invalid argument supplied for foreach() in D:\OpenServer\domains\nak1.ru\catalog\view\theme\destiny\template\checkout\simplecheckout_cart.tpl on line 188
2017-10-20 19:09:40 - PHP Notice:  Undefined variable: simple_template in D:\OpenServer\domains\nak1.ru\catalog\view\theme\destiny\template\checkout\simplecheckout_cart.tpl on line 197
2017-10-20 19:09:40 - PHP Notice:  Undefined variable: text_proceed_payment in D:\OpenServer\domains\nak1.ru\catalog\view\theme\destiny\template\checkout\simplecheckout_cart.tpl on line 200
2017-10-20 19:09:40 - PHP Notice:  Undefined variable: display_agreement_checkbox in D:\OpenServer\domains\nak1.ru\catalog\view\theme\destiny\template\checkout\simplecheckout_cart.tpl on line 201
2017-10-20 19:09:40 - PHP Notice:  Undefined variable: display_agreement_checkbox in D:\OpenServer\domains\nak1.ru\catalog\view\theme\destiny\template\checkout\simplecheckout_cart.tpl on line 206
2017-10-20 19:09:40 - PHP Notice:  Undefined variable: steps_count in D:\OpenServer\domains\nak1.ru\catalog\view\theme\destiny\template\checkout\simplecheckout_cart.tpl on line 213
2017-10-20 19:09:40 - PHP Notice:  Undefined variable: block_order in D:\OpenServer\domains\nak1.ru\catalog\view\theme\destiny\template\checkout\simplecheckout_cart.tpl on line 216
2017-10-20 19:09:40 - PHP Notice:  Undefined variable: button_order in D:\OpenServer\domains\nak1.ru\catalog\view\theme\destiny\template\checkout\simplecheckout_cart.tpl on line 216
2017-10-20 19:09:40 - PHP Notice:  Undefined variable: display_back_button in D:\OpenServer\domains\nak1.ru\catalog\view\theme\destiny\template\checkout\simplecheckout_cart.tpl on line 219
2017-10-20 19:09:40 - PHP Notice:  Undefined variable: steps_count in D:\OpenServer\domains\nak1.ru\catalog\view\theme\destiny\template\checkout\simplecheckout_cart.tpl on line 222
2017-10-20 19:09:40 - PHP Notice:  Undefined variable: steps_count in D:\OpenServer\domains\nak1.ru\catalog\view\theme\destiny\template\checkout\simplecheckout_cart.tpl on line 228
2017-10-20 19:09:40 - PHP Notice:  Undefined variable: steps_count in D:\OpenServer\domains\nak1.ru\catalog\view\theme\destiny\template\checkout\simplecheckout_cart.tpl on line 232
2017-10-20 19:09:40 - PHP Notice:  Undefined variable: ajax in D:\OpenServer\domains\nak1.ru\catalog\view\theme\destiny\template\checkout\simplecheckout_cart.tpl on line 251
2017-10-20 19:09:40 - PHP Notice:  Undefined variable: popup in D:\OpenServer\domains\nak1.ru\catalog\view\theme\destiny\template\checkout\simplecheckout_cart.tpl on line 251
2017-10-20 19:09:40 - PHP Notice:  Undefined variable: as_module in D:\OpenServer\domains\nak1.ru\catalog\view\theme\destiny\template\checkout\simplecheckout_cart.tpl on line 251
2017-10-20 19:09:40 - PHP Notice:  Undefined variable: simple_footer in D:\OpenServer\domains\nak1.ru\catalog\view\theme\destiny\template\checkout\simplecheckout_cart.tpl on line 253
2017-10-20 19:09:40 - PHP Warning:  include(D:\OpenServer\domains\nak1.ru): failed to open stream: Permission denied in D:\OpenServer\domains\nak1.ru\catalog\view\theme\destiny\template\checkout\simplecheckout_cart.tpl on line 253
2017-10-20 19:09:40 - PHP Warning:  include(): Filename cannot be empty in D:\OpenServer\domains\nak1.ru\catalog\view\theme\destiny\template\checkout\simplecheckout_cart.tpl on line 253
2017-10-20 19:09:40 - PHP Warning:  include(): Failed opening '' for inclusion (include_path='.;d:/openserver/modules/php/PHP-5.6;d:/openserver/modules/php/PHP-5.6/PEAR/pear') in D:\OpenServer\domains\nak1.ru\catalog\view\theme\destiny\template\checkout\simplecheckout_cart.tpl on line 253
2017-10-20 19:33:22 - PHP Notice:  Undefined variable: text_confirm in D:\OpenServer\domains\nak1.ru\admin\view\template\extension\payment\2shop.tpl on line 29
2017-10-20 19:33:28 - PHP Notice:  Undefined variable: text_confirm in D:\OpenServer\domains\nak1.ru\admin\view\template\extension\payment\2shop.tpl on line 29
2017-10-20 19:48:31 - PHP Notice:  Undefined variable: text_confirm in D:\OpenServer\domains\nak1.ru\admin\view\template\extension\payment\2shop.tpl on line 29
2017-10-23 19:41:14 - PHP Notice:  Undefined index: params in D:\OpenServer\domains\nak1.ru\catalog\controller\extension\payment\ocstore_w1.php on line 63
2017-10-23 19:41:14 - PHP Warning:  Invalid argument supplied for foreach() in D:\OpenServer\domains\nak1.ru\catalog\controller\extension\payment\ocstore_w1.php on line 196
2017-10-23 19:41:14 - PHP Warning:  uksort() expects parameter 1 to be array, null given in D:\OpenServer\domains\nak1.ru\catalog\controller\extension\payment\ocstore_w1.php on line 202
2017-10-23 19:41:14 - PHP Warning:  Invalid argument supplied for foreach() in D:\OpenServer\domains\nak1.ru\catalog\controller\extension\payment\ocstore_w1.php on line 205
2017-10-23 19:41:27 - PHP Notice:  Undefined index: params in D:\OpenServer\domains\nak1.ru\catalog\controller\extension\payment\ocstore_w1.php on line 63
2017-10-23 19:41:27 - PHP Warning:  Invalid argument supplied for foreach() in D:\OpenServer\domains\nak1.ru\catalog\controller\extension\payment\ocstore_w1.php on line 196
2017-10-23 19:41:27 - PHP Warning:  uksort() expects parameter 1 to be array, null given in D:\OpenServer\domains\nak1.ru\catalog\controller\extension\payment\ocstore_w1.php on line 202
2017-10-23 19:41:27 - PHP Warning:  Invalid argument supplied for foreach() in D:\OpenServer\domains\nak1.ru\catalog\controller\extension\payment\ocstore_w1.php on line 205
2017-10-23 19:41:42 - PHP Notice:  Undefined index: params in D:\OpenServer\domains\nak1.ru\catalog\controller\extension\payment\ocstore_w1.php on line 63
2017-10-23 19:41:42 - PHP Warning:  Invalid argument supplied for foreach() in D:\OpenServer\domains\nak1.ru\catalog\controller\extension\payment\ocstore_w1.php on line 196
2017-10-23 19:41:42 - PHP Warning:  uksort() expects parameter 1 to be array, null given in D:\OpenServer\domains\nak1.ru\catalog\controller\extension\payment\ocstore_w1.php on line 202
2017-10-23 19:41:42 - PHP Warning:  Invalid argument supplied for foreach() in D:\OpenServer\domains\nak1.ru\catalog\controller\extension\payment\ocstore_w1.php on line 205
2017-10-23 19:47:38 - PHP Notice:  Undefined index: params in D:\OpenServer\domains\nak1.ru\catalog\controller\extension\payment\ocstore_w1.php on line 63
2017-10-23 19:47:38 - PHP Warning:  Invalid argument supplied for foreach() in D:\OpenServer\domains\nak1.ru\catalog\controller\extension\payment\ocstore_w1.php on line 196
2017-10-23 19:47:38 - PHP Warning:  uksort() expects parameter 1 to be array, null given in D:\OpenServer\domains\nak1.ru\catalog\controller\extension\payment\ocstore_w1.php on line 202
2017-10-23 19:47:38 - PHP Warning:  Invalid argument supplied for foreach() in D:\OpenServer\domains\nak1.ru\catalog\controller\extension\payment\ocstore_w1.php on line 205
2017-10-23 19:54:17 - PHP Notice:  Undefined index: params in D:\OpenServer\domains\nak1.ru\catalog\controller\extension\payment\ocstore_w1.php on line 63
2017-10-23 19:54:17 - PHP Warning:  Invalid argument supplied for foreach() in D:\OpenServer\domains\nak1.ru\catalog\controller\extension\payment\ocstore_w1.php on line 196
2017-10-23 19:54:17 - PHP Warning:  uksort() expects parameter 1 to be array, null given in D:\OpenServer\domains\nak1.ru\catalog\controller\extension\payment\ocstore_w1.php on line 202
2017-10-23 19:54:17 - PHP Warning:  Invalid argument supplied for foreach() in D:\OpenServer\domains\nak1.ru\catalog\controller\extension\payment\ocstore_w1.php on line 205
2017-10-23 19:54:49 - PHP Notice:  Undefined index: params in D:\OpenServer\domains\nak1.ru\catalog\controller\extension\payment\ocstore_w1.php on line 63
2017-10-23 19:55:59 - PHP Notice:  Undefined index: params in D:\OpenServer\domains\nak1.ru\catalog\controller\extension\payment\ocstore_w1.php on line 64
2017-10-23 19:56:13 - PHP Notice:  Undefined index: params in D:\OpenServer\domains\nak1.ru\catalog\controller\extension\payment\ocstore_w1.php on line 64
2017-10-23 19:56:29 - PHP Notice:  Undefined index: params in D:\OpenServer\domains\nak1.ru\catalog\controller\extension\payment\ocstore_w1.php on line 64
2017-10-23 19:59:38 - PHP Notice:  Undefined index: params in D:\OpenServer\domains\nak1.ru\catalog\controller\extension\payment\ocstore_w1.php on line 64
2017-10-23 19:59:47 - PHP Notice:  Undefined index: params in D:\OpenServer\domains\nak1.ru\catalog\controller\extension\payment\ocstore_w1.php on line 64
2017-10-23 20:02:29 - PHP Notice:  Undefined index: params in D:\OpenServer\domains\nak1.ru\catalog\controller\extension\payment\ocstore_w1.php on line 64
2017-10-23 20:04:33 - PHP Notice:  Undefined index: params in D:\OpenServer\domains\nak1.ru\catalog\controller\extension\payment\ocstore_w1.php on line 64
2017-10-23 20:04:33 - PHP Notice:  Undefined variable: o_model in D:\OpenServer\domains\nak1.ru\catalog\controller\extension\payment\ocstore_w1.php on line 132
2017-10-23 20:10:46 - PHP Notice:  Undefined index: params in D:\OpenServer\domains\nak1.ru\catalog\controller\extension\payment\ocstore_w1.php on line 65
2017-10-23 20:11:12 - PHP Notice:  Undefined index: params in D:\OpenServer\domains\nak1.ru\catalog\controller\extension\payment\ocstore_w1.php on line 65
2017-10-23 20:17:52 - PHP Notice:  Undefined index: params in D:\OpenServer\domains\nak1.ru\catalog\controller\extension\payment\ocstore_w1.php on line 65
2017-10-23 20:19:19 - PHP Notice:  Undefined index: params in D:\OpenServer\domains\nak1.ru\catalog\controller\extension\payment\ocstore_w1.php on line 67
2017-10-23 20:19:52 - PHP Notice:  Undefined index: params in D:\OpenServer\domains\nak1.ru\catalog\controller\extension\payment\ocstore_w1.php on line 67
2017-10-23 20:20:36 - PHP Notice:  Undefined index: params in D:\OpenServer\domains\nak1.ru\catalog\controller\extension\payment\ocstore_w1.php on line 67
2017-10-23 20:22:21 - PHP Notice:  Undefined index: params in D:\OpenServer\domains\nak1.ru\catalog\controller\extension\payment\ocstore_w1.php on line 67
2017-10-23 20:22:38 - PHP Notice:  Undefined index: params in D:\OpenServer\domains\nak1.ru\catalog\controller\extension\payment\ocstore_w1.php on line 67
2017-10-23 20:24:33 - PHP Notice:  Undefined index: params in D:\OpenServer\domains\nak1.ru\catalog\controller\extension\payment\ocstore_w1.php on line 67
2017-10-23 20:24:49 - PHP Notice:  Undefined index: params in D:\OpenServer\domains\nak1.ru\catalog\controller\extension\payment\ocstore_w1.php on line 67
2017-10-23 20:25:11 - PHP Notice:  Undefined index: params in D:\OpenServer\domains\nak1.ru\catalog\controller\extension\payment\ocstore_w1.php on line 67
2017-10-23 20:26:22 - PHP Notice:  Undefined index: params in D:\OpenServer\domains\nak1.ru\catalog\controller\extension\payment\ocstore_w1.php on line 67
2017-10-23 20:26:45 - PHP Notice:  Undefined index: params in D:\OpenServer\domains\nak1.ru\catalog\controller\extension\payment\ocstore_w1.php on line 67
2017-10-23 20:28:50 - PHP Notice:  Undefined index: params in D:\OpenServer\domains\nak1.ru\catalog\controller\extension\payment\ocstore_w1.php on line 67
2017-10-23 20:29:19 - PHP Notice:  Undefined index: params in D:\OpenServer\domains\nak1.ru\catalog\controller\extension\payment\ocstore_w1.php on line 67
2017-10-23 20:31:16 - PHP Notice:  Undefined index: params in D:\OpenServer\domains\nak1.ru\catalog\controller\extension\payment\ocstore_w1.php on line 67
2017-10-23 20:31:29 - PHP Notice:  Undefined index: params in D:\OpenServer\domains\nak1.ru\catalog\controller\extension\payment\ocstore_w1.php on line 67
2017-10-23 20:33:11 - PHP Notice:  Undefined index: params in D:\OpenServer\domains\nak1.ru\catalog\controller\extension\payment\ocstore_w1.php on line 67
2017-10-23 20:33:26 - PHP Notice:  Undefined index: params in D:\OpenServer\domains\nak1.ru\catalog\controller\extension\payment\ocstore_w1.php on line 67
2017-10-23 20:34:10 - PHP Notice:  Undefined index: params in D:\OpenServer\domains\nak1.ru\catalog\controller\extension\payment\ocstore_w1.php on line 67
2017-10-23 20:36:33 - PHP Notice:  Undefined index: params in D:\OpenServer\domains\nak1.ru\catalog\controller\extension\payment\ocstore_w1.php on line 67
2017-10-23 20:41:50 - PHP Notice:  Undefined index: params in D:\OpenServer\domains\nak1.ru\catalog\controller\extension\payment\ocstore_w1.php on line 67
2017-10-23 20:42:21 - PHP Notice:  Undefined index: params in D:\OpenServer\domains\nak1.ru\catalog\controller\extension\payment\ocstore_w1.php on line 67
2017-10-23 20:43:02 - PHP Notice:  Undefined index: params in D:\OpenServer\domains\nak1.ru\catalog\controller\extension\payment\ocstore_w1.php on line 67
2017-10-23 20:43:17 - PHP Notice:  Undefined index: params in D:\OpenServer\domains\nak1.ru\catalog\controller\extension\payment\ocstore_w1.php on line 67
2017-10-23 20:44:37 - PHP Notice:  Undefined index: params in D:\OpenServer\domains\nak1.ru\catalog\controller\extension\payment\ocstore_w1.php on line 67
2017-10-23 20:44:57 - PHP Notice:  Undefined index: params in D:\OpenServer\domains\nak1.ru\catalog\controller\extension\payment\ocstore_w1.php on line 67
2017-10-23 20:46:20 - PHP Notice:  Undefined index: params in D:\OpenServer\domains\nak1.ru\catalog\controller\extension\payment\ocstore_w1.php on line 67
2017-10-23 20:46:46 - PHP Notice:  Undefined index: params in D:\OpenServer\domains\nak1.ru\catalog\controller\extension\payment\ocstore_w1.php on line 67
2017-10-23 20:47:15 - PHP Notice:  Undefined index: params in D:\OpenServer\domains\nak1.ru\catalog\controller\extension\payment\ocstore_w1.php on line 67
2017-10-23 20:47:51 - PHP Notice:  Undefined index: params in D:\OpenServer\domains\nak1.ru\catalog\controller\extension\payment\ocstore_w1.php on line 67
2017-10-23 20:48:15 - PHP Notice:  Undefined index: params in D:\OpenServer\domains\nak1.ru\catalog\controller\extension\payment\ocstore_w1.php on line 67
2017-10-23 20:48:34 - PHP Notice:  Undefined index: params in D:\OpenServer\domains\nak1.ru\catalog\controller\extension\payment\ocstore_w1.php on line 67
2017-10-23 20:48:59 - PHP Notice:  Undefined index: params in D:\OpenServer\domains\nak1.ru\catalog\controller\extension\payment\ocstore_w1.php on line 67
2017-10-23 20:52:50 - PHP Notice:  Undefined index: params in D:\OpenServer\domains\nak1.ru\catalog\controller\extension\payment\ocstore_w1.php on line 67
2017-10-23 20:55:08 - PHP Notice:  Undefined index: params in D:\OpenServer\domains\nak1.ru\catalog\controller\extension\payment\ocstore_w1.php on line 67
2017-10-23 20:55:21 - PHP Notice:  Undefined index: params in D:\OpenServer\domains\nak1.ru\catalog\controller\extension\payment\ocstore_w1.php on line 67
2017-10-23 20:59:31 - PHP Notice:  Constant DB_HOSTNAME already defined in D:\OpenServer\domains\nak1.ru\pay_config.php on line 3
2017-10-23 20:59:31 - PHP Notice:  Undefined index: params in D:\OpenServer\domains\nak1.ru\catalog\controller\extension\payment\ocstore_w1.php on line 68
2017-10-23 21:00:05 - PHP Notice:  Undefined index: params in D:\OpenServer\domains\nak1.ru\catalog\controller\extension\payment\ocstore_w1.php on line 68
2017-10-23 21:00:30 - PHP Notice:  Undefined index: params in D:\OpenServer\domains\nak1.ru\catalog\controller\extension\payment\ocstore_w1.php on line 68
2017-10-23 21:01:32 - PHP Notice:  Undefined index: params in D:\OpenServer\domains\nak1.ru\catalog\controller\extension\payment\ocstore_w1.php on line 68
2017-10-23 21:02:25 - PHP Notice:  Undefined index: params in D:\OpenServer\domains\nak1.ru\catalog\controller\extension\payment\ocstore_w1.php on line 68
2017-10-23 21:03:29 - PHP Notice:  Undefined index: params in D:\OpenServer\domains\nak1.ru\catalog\controller\extension\payment\ocstore_w1.php on line 68
2017-10-23 21:05:09 - PHP Notice:  Undefined index: params in D:\OpenServer\domains\nak1.ru\catalog\controller\extension\payment\ocstore_w1.php on line 68
2017-10-23 21:05:09 - PHP Notice:  Undefined index: name in D:\OpenServer\domains\nak1.ru\catalog\controller\extension\payment\ocstore_w1.php on line 111
2017-10-23 21:05:47 - PHP Notice:  Undefined index: params in D:\OpenServer\domains\nak1.ru\catalog\controller\extension\payment\ocstore_w1.php on line 68
2017-10-23 21:05:47 - PHP Notice:  Undefined index: name in D:\OpenServer\domains\nak1.ru\catalog\controller\extension\payment\ocstore_w1.php on line 111
2017-10-23 21:08:39 - PHP Notice:  Undefined index: params in D:\OpenServer\domains\nak1.ru\catalog\controller\extension\payment\ocstore_w1.php on line 68
2017-10-23 21:08:39 - PHP Notice:  Undefined index: name in D:\OpenServer\domains\nak1.ru\catalog\controller\extension\payment\ocstore_w1.php on line 111
2017-10-23 21:09:10 - PHP Notice:  Undefined index: params in D:\OpenServer\domains\nak1.ru\catalog\controller\extension\payment\ocstore_w1.php on line 68
2017-10-23 21:09:48 - PHP Notice:  Undefined index: params in D:\OpenServer\domains\nak1.ru\catalog\controller\extension\payment\ocstore_w1.php on line 68
2017-10-23 21:50:17 - PHP Notice:  Undefined variable: display_agreement_checkbox in D:\OpenServer\domains\nak1.ru\catalog\view\theme\destiny\template\checkout\simplecheckout_comment.tpl on line 10
2017-10-24 23:01:18 - PHP Warning:  require_once(/pay_config.php): failed to open stream: No such file or directory in /home/a0032323/domains/destinyboost.pro/public_html/catalog/controller/extension/payment/ocstore_w1.php on line 64
2017-10-24 23:01:20 - PHP Warning:  require_once(/pay_config.php): failed to open stream: No such file or directory in /home/a0032323/domains/destinyboost.pro/public_html/catalog/controller/extension/payment/ocstore_w1.php on line 64
2017-10-24 23:01:22 - PHP Warning:  require_once(/pay_config.php): failed to open stream: No such file or directory in /home/a0032323/domains/destinyboost.pro/public_html/catalog/controller/extension/payment/ocstore_w1.php on line 64
2017-10-24 23:01:22 - PHP Warning:  require_once(/pay_config.php): failed to open stream: No such file or directory in /home/a0032323/domains/destinyboost.pro/public_html/catalog/controller/extension/payment/ocstore_w1.php on line 64
2017-10-24 23:01:23 - PHP Warning:  require_once(/pay_config.php): failed to open stream: No such file or directory in /home/a0032323/domains/destinyboost.pro/public_html/catalog/controller/extension/payment/ocstore_w1.php on line 64
2017-10-24 23:01:35 - PHP Warning:  require_once(/pay_config.php): failed to open stream: No such file or directory in /home/a0032323/domains/destinyboost.pro/public_html/catalog/controller/extension/payment/ocstore_w1.php on line 64
2017-10-24 23:05:25 - PHP Warning:  require_once(/pay_config.php): failed to open stream: No such file or directory in /home/a0032323/domains/destinyboost.pro/public_html/catalog/controller/extension/payment/ocstore_w1.php on line 64
2017-10-24 23:05:30 - PHP Warning:  require_once(/pay_config.php): failed to open stream: No such file or directory in /home/a0032323/domains/destinyboost.pro/public_html/catalog/controller/extension/payment/ocstore_w1.php on line 64
2017-10-24 23:05:31 - PHP Warning:  require_once(/pay_config.php): failed to open stream: No such file or directory in /home/a0032323/domains/destinyboost.pro/public_html/catalog/controller/extension/payment/ocstore_w1.php on line 64
2017-10-24 23:05:34 - PHP Warning:  require_once(/pay_config.php): failed to open stream: No such file or directory in /home/a0032323/domains/destinyboost.pro/public_html/catalog/controller/extension/payment/ocstore_w1.php on line 64
2017-10-24 23:05:38 - PHP Warning:  require_once(/pay_config.php): failed to open stream: No such file or directory in /home/a0032323/domains/destinyboost.pro/public_html/catalog/controller/extension/payment/ocstore_w1.php on line 64
2017-10-24 23:05:41 - PHP Warning:  require_once(/pay_config.php): failed to open stream: No such file or directory in /home/a0032323/domains/destinyboost.pro/public_html/catalog/controller/extension/payment/ocstore_w1.php on line 64
2017-10-24 23:05:41 - PHP Warning:  require_once(/pay_config.php): failed to open stream: No such file or directory in /home/a0032323/domains/destinyboost.pro/public_html/catalog/controller/extension/payment/ocstore_w1.php on line 64
2017-10-24 23:05:42 - PHP Warning:  require_once(/pay_config.php): failed to open stream: No such file or directory in /home/a0032323/domains/destinyboost.pro/public_html/catalog/controller/extension/payment/ocstore_w1.php on line 64
2017-10-24 23:05:43 - PHP Warning:  require_once(/pay_config.php): failed to open stream: No such file or directory in /home/a0032323/domains/destinyboost.pro/public_html/catalog/controller/extension/payment/ocstore_w1.php on line 64
2017-10-24 23:05:44 - PHP Warning:  require_once(/pay_config.php): failed to open stream: No such file or directory in /home/a0032323/domains/destinyboost.pro/public_html/catalog/controller/extension/payment/ocstore_w1.php on line 64
2017-10-24 23:05:44 - PHP Warning:  require_once(/pay_config.php): failed to open stream: No such file or directory in /home/a0032323/domains/destinyboost.pro/public_html/catalog/controller/extension/payment/ocstore_w1.php on line 64
2017-10-24 23:05:45 - PHP Warning:  require_once(/pay_config.php): failed to open stream: No such file or directory in /home/a0032323/domains/destinyboost.pro/public_html/catalog/controller/extension/payment/ocstore_w1.php on line 64
2017-10-24 23:05:46 - PHP Warning:  require_once(/pay_config.php): failed to open stream: No such file or directory in /home/a0032323/domains/destinyboost.pro/public_html/catalog/controller/extension/payment/ocstore_w1.php on line 64
2017-10-24 23:05:52 - PHP Warning:  require_once(/pay_config.php): failed to open stream: No such file or directory in /home/a0032323/domains/destinyboost.pro/public_html/catalog/controller/extension/payment/ocstore_w1.php on line 64
2017-10-25 1:21:12 - PHP Warning:  require_once(/pay_config.php): failed to open stream: No such file or directory in /home/a0032323/domains/destinyboost.pro/public_html/catalog/controller/extension/payment/ocstore_w1.php on line 64
2017-10-25 1:21:13 - PHP Warning:  require_once(/pay_config.php): failed to open stream: No such file or directory in /home/a0032323/domains/destinyboost.pro/public_html/catalog/controller/extension/payment/ocstore_w1.php on line 64
2017-10-25 1:21:14 - PHP Warning:  require_once(/pay_config.php): failed to open stream: No such file or directory in /home/a0032323/domains/destinyboost.pro/public_html/catalog/controller/extension/payment/ocstore_w1.php on line 64
2017-10-25 1:21:34 - PHP Warning:  require_once(/pay_config.php): failed to open stream: No such file or directory in /home/a0032323/domains/destinyboost.pro/public_html/catalog/controller/extension/payment/ocstore_w1.php on line 64
2017-10-25 1:21:35 - PHP Warning:  require_once(/pay_config.php): failed to open stream: No such file or directory in /home/a0032323/domains/destinyboost.pro/public_html/catalog/controller/extension/payment/ocstore_w1.php on line 64
2017-10-25 1:21:35 - PHP Warning:  require_once(/pay_config.php): failed to open stream: No such file or directory in /home/a0032323/domains/destinyboost.pro/public_html/catalog/controller/extension/payment/ocstore_w1.php on line 64
2017-10-25 1:21:37 - PHP Warning:  require_once(/pay_config.php): failed to open stream: No such file or directory in /home/a0032323/domains/destinyboost.pro/public_html/catalog/controller/extension/payment/ocstore_w1.php on line 64
2017-10-25 1:21:56 - PHP Warning:  require_once(/pay_config.php): failed to open stream: No such file or directory in /home/a0032323/domains/destinyboost.pro/public_html/catalog/controller/extension/payment/ocstore_w1.php on line 64
2017-10-25 1:21:56 - PHP Warning:  require_once(/pay_config.php): failed to open stream: No such file or directory in /home/a0032323/domains/destinyboost.pro/public_html/catalog/controller/extension/payment/ocstore_w1.php on line 64
2017-10-25 1:22:24 - PHP Warning:  require_once(/pay_config.php): failed to open stream: No such file or directory in /home/a0032323/domains/destinyboost.pro/public_html/catalog/controller/extension/payment/ocstore_w1.php on line 64
2017-10-25 1:22:39 - PHP Warning:  require_once(/pay_config.php): failed to open stream: No such file or directory in /home/a0032323/domains/destinyboost.pro/public_html/catalog/controller/extension/payment/ocstore_w1.php on line 64
2017-10-25 1:22:39 - PHP Warning:  require_once(/pay_config.php): failed to open stream: No such file or directory in /home/a0032323/domains/destinyboost.pro/public_html/catalog/controller/extension/payment/ocstore_w1.php on line 64
2017-10-25 1:22:39 - PHP Warning:  require_once(/pay_config.php): failed to open stream: No such file or directory in /home/a0032323/domains/destinyboost.pro/public_html/catalog/controller/extension/payment/ocstore_w1.php on line 64
2017-10-25 6:44:25 - PHP Warning:  require_once(/pay_config.php): failed to open stream: No such file or directory in /home/a0032323/domains/destinyboost.pro/public_html/catalog/controller/extension/payment/ocstore_w1.php on line 64
2017-10-25 6:44:49 - PHP Warning:  require_once(/pay_config.php): failed to open stream: No such file or directory in /home/a0032323/domains/destinyboost.pro/public_html/catalog/controller/extension/payment/ocstore_w1.php on line 64
2017-10-30 6:08:03 - PHP Notice:  Undefined index: master_option_value in /home/a0032323/domains/destinyboost.pro/public_html/system/storage/modification/admin/model/catalog/product.php on line 566
2017-10-30 6:08:03 - PHP Notice:  Undefined index: master_option_value in /home/a0032323/domains/destinyboost.pro/public_html/system/storage/modification/admin/model/catalog/product.php on line 566
2017-10-30 6:08:03 - PHP Notice:  Undefined index: master_option_value in /home/a0032323/domains/destinyboost.pro/public_html/system/storage/modification/admin/model/catalog/product.php on line 566
2017-10-30 6:08:03 - PHP Notice:  Undefined index: master_option in /home/a0032323/domains/destinyboost.pro/public_html/system/storage/modification/admin/model/catalog/product.php on line 580
2017-10-30 6:08:03 - PHP Notice:  Undefined index: master_option_value in /home/a0032323/domains/destinyboost.pro/public_html/system/storage/modification/admin/model/catalog/product.php on line 581
2017-10-30 6:08:03 - PHP Notice:  Undefined index: master_option in /home/a0032323/domains/destinyboost.pro/public_html/system/storage/modification/admin/model/catalog/product.php on line 582
2017-10-30 6:08:03 - PHP Notice:  Undefined index: master_option_value in /home/a0032323/domains/destinyboost.pro/public_html/system/storage/modification/admin/model/catalog/product.php on line 566
2017-10-30 6:08:03 - PHP Notice:  Undefined index: master_option_value in /home/a0032323/domains/destinyboost.pro/public_html/system/storage/modification/admin/model/catalog/product.php on line 566
2017-10-30 6:08:03 - PHP Notice:  Undefined index: master_option_value in /home/a0032323/domains/destinyboost.pro/public_html/system/storage/modification/admin/model/catalog/product.php on line 566
2017-10-30 6:08:03 - PHP Notice:  Undefined index: master_option in /home/a0032323/domains/destinyboost.pro/public_html/system/storage/modification/admin/model/catalog/product.php on line 580
2017-10-30 6:08:03 - PHP Notice:  Undefined index: master_option_value in /home/a0032323/domains/destinyboost.pro/public_html/system/storage/modification/admin/model/catalog/product.php on line 581
2017-10-30 6:08:03 - PHP Notice:  Undefined index: master_option in /home/a0032323/domains/destinyboost.pro/public_html/system/storage/modification/admin/model/catalog/product.php on line 582
2017-10-30 6:08:03 - PHP Notice:  Undefined index: master_option_value in /home/a0032323/domains/destinyboost.pro/public_html/system/storage/modification/admin/model/catalog/product.php on line 566
2017-10-30 6:08:03 - PHP Notice:  Undefined index: master_option_value in /home/a0032323/domains/destinyboost.pro/public_html/system/storage/modification/admin/model/catalog/product.php on line 566
2017-10-30 6:08:03 - PHP Notice:  Undefined index: master_option_value in /home/a0032323/domains/destinyboost.pro/public_html/system/storage/modification/admin/model/catalog/product.php on line 566
2017-10-30 6:08:03 - PHP Notice:  Undefined index: master_option in /home/a0032323/domains/destinyboost.pro/public_html/system/storage/modification/admin/model/catalog/product.php on line 580
2017-10-30 6:08:03 - PHP Notice:  Undefined index: master_option_value in /home/a0032323/domains/destinyboost.pro/public_html/system/storage/modification/admin/model/catalog/product.php on line 581
2017-10-30 6:08:03 - PHP Notice:  Undefined index: master_option in /home/a0032323/domains/destinyboost.pro/public_html/system/storage/modification/admin/model/catalog/product.php on line 582
2017-10-30 6:08:03 - PHP Notice:  Undefined index: master_option_value in /home/a0032323/domains/destinyboost.pro/public_html/system/storage/modification/admin/model/catalog/product.php on line 566
2017-10-30 6:08:03 - PHP Notice:  Undefined index: master_option_value in /home/a0032323/domains/destinyboost.pro/public_html/system/storage/modification/admin/model/catalog/product.php on line 566
2017-10-30 6:08:03 - PHP Notice:  Undefined index: master_option_value in /home/a0032323/domains/destinyboost.pro/public_html/system/storage/modification/admin/model/catalog/product.php on line 566
2017-10-30 6:08:03 - PHP Notice:  Undefined index: master_option in /home/a0032323/domains/destinyboost.pro/public_html/system/storage/modification/admin/model/catalog/product.php on line 580
2017-10-30 6:08:03 - PHP Notice:  Undefined index: master_option_value in /home/a0032323/domains/destinyboost.pro/public_html/system/storage/modification/admin/model/catalog/product.php on line 581
2017-10-30 6:08:03 - PHP Notice:  Undefined index: master_option in /home/a0032323/domains/destinyboost.pro/public_html/system/storage/modification/admin/model/catalog/product.php on line 582
2017-10-30 6:08:10 - PHP Notice:  Undefined index: master_option in /home/a0032323/domains/destinyboost.pro/public_html/system/storage/modification/admin/model/catalog/product.php on line 580
2017-10-30 6:08:10 - PHP Notice:  Undefined index: master_option_value in /home/a0032323/domains/destinyboost.pro/public_html/system/storage/modification/admin/model/catalog/product.php on line 581
2017-10-30 6:08:10 - PHP Notice:  Undefined index: master_option in /home/a0032323/domains/destinyboost.pro/public_html/system/storage/modification/admin/model/catalog/product.php on line 582
2017-10-30 6:08:19 - PHP Notice:  Undefined index: master_option_value in /home/a0032323/domains/destinyboost.pro/public_html/system/storage/modification/admin/model/catalog/product.php on line 566
2017-10-30 6:08:19 - PHP Notice:  Undefined index: master_option_value in /home/a0032323/domains/destinyboost.pro/public_html/system/storage/modification/admin/model/catalog/product.php on line 566
2017-10-30 6:08:19 - PHP Notice:  Undefined index: master_option in /home/a0032323/domains/destinyboost.pro/public_html/system/storage/modification/admin/model/catalog/product.php on line 580
2017-10-30 6:08:19 - PHP Notice:  Undefined index: master_option_value in /home/a0032323/domains/destinyboost.pro/public_html/system/storage/modification/admin/model/catalog/product.php on line 581
2017-10-30 6:08:19 - PHP Notice:  Undefined index: master_option in /home/a0032323/domains/destinyboost.pro/public_html/system/storage/modification/admin/model/catalog/product.php on line 582
2017-10-30 6:08:19 - PHP Notice:  Undefined index: master_option_value in /home/a0032323/domains/destinyboost.pro/public_html/system/storage/modification/admin/model/catalog/product.php on line 566
2017-10-30 6:08:19 - PHP Notice:  Undefined index: master_option in /home/a0032323/domains/destinyboost.pro/public_html/system/storage/modification/admin/model/catalog/product.php on line 580
2017-10-30 6:08:19 - PHP Notice:  Undefined index: master_option_value in /home/a0032323/domains/destinyboost.pro/public_html/system/storage/modification/admin/model/catalog/product.php on line 581
2017-10-30 6:08:19 - PHP Notice:  Undefined index: master_option in /home/a0032323/domains/destinyboost.pro/public_html/system/storage/modification/admin/model/catalog/product.php on line 582
2017-10-30 6:08:24 - PHP Notice:  Undefined index: master_option in /home/a0032323/domains/destinyboost.pro/public_html/system/storage/modification/admin/model/catalog/product.php on line 580
2017-10-30 6:08:24 - PHP Notice:  Undefined index: master_option_value in /home/a0032323/domains/destinyboost.pro/public_html/system/storage/modification/admin/model/catalog/product.php on line 581
2017-10-30 6:08:24 - PHP Notice:  Undefined index: master_option in /home/a0032323/domains/destinyboost.pro/public_html/system/storage/modification/admin/model/catalog/product.php on line 582
2017-10-30 6:09:36 - PHP Notice:  Undefined index: master_option in /home/a0032323/domains/destinyboost.pro/public_html/system/storage/modification/admin/model/catalog/product.php on line 580
2017-10-30 6:09:36 - PHP Notice:  Undefined index: master_option_value in /home/a0032323/domains/destinyboost.pro/public_html/system/storage/modification/admin/model/catalog/product.php on line 581
2017-10-30 6:09:36 - PHP Notice:  Undefined index: master_option in /home/a0032323/domains/destinyboost.pro/public_html/system/storage/modification/admin/model/catalog/product.php on line 582
2017-10-30 6:12:18 - PHP Notice:  Undefined index: master_option_value in /home/a0032323/domains/destinyboost.pro/public_html/system/storage/modification/admin/model/catalog/product.php on line 581
2017-10-30 6:12:35 - PHP Notice:  Undefined index: master_option_value in /home/a0032323/domains/destinyboost.pro/public_html/system/storage/modification/admin/model/catalog/product.php on line 581
2017-10-30 6:15:03 - PHP Notice:  Undefined index: master_option_value in /home/a0032323/domains/destinyboost.pro/public_html/system/storage/modification/admin/model/catalog/product.php on line 581
2017-10-30 6:15:03 - PHP Notice:  Undefined index: master_option_value in /home/a0032323/domains/destinyboost.pro/public_html/system/storage/modification/admin/model/catalog/product.php on line 581
2017-10-30 14:38:48 - PHP Notice:  Undefined index: master_option_value in /home/a0032323/domains/destinyboost.pro/public_html/system/storage/modification/admin/model/catalog/product.php on line 581
2017-10-30 14:38:48 - PHP Notice:  Undefined index: master_option_value in /home/a0032323/domains/destinyboost.pro/public_html/system/storage/modification/admin/model/catalog/product.php on line 581
2017-10-30 14:38:48 - PHP Notice:  Undefined index: master_option_value in /home/a0032323/domains/destinyboost.pro/public_html/system/storage/modification/admin/model/catalog/product.php on line 581
2017-10-30 17:38:30 - PHP Notice:  Undefined index: master_option_value in /home/a0032323/domains/destinyboost.pro/public_html/system/storage/modification/admin/model/catalog/product.php on line 581
2017-10-30 17:38:30 - PHP Notice:  Undefined index: master_option_value in /home/a0032323/domains/destinyboost.pro/public_html/system/storage/modification/admin/model/catalog/product.php on line 581
2017-10-30 17:38:30 - PHP Notice:  Undefined index: master_option_value in /home/a0032323/domains/destinyboost.pro/public_html/system/storage/modification/admin/model/catalog/product.php on line 581
2017-10-30 17:39:20 - PHP Notice:  Undefined index: master_option_value in /home/a0032323/domains/destinyboost.pro/public_html/system/storage/modification/admin/model/catalog/product.php on line 581
2017-10-30 17:39:20 - PHP Notice:  Undefined index: master_option_value in /home/a0032323/domains/destinyboost.pro/public_html/system/storage/modification/admin/model/catalog/product.php on line 581
2017-10-30 17:39:20 - PHP Notice:  Undefined index: master_option_value in /home/a0032323/domains/destinyboost.pro/public_html/system/storage/modification/admin/model/catalog/product.php on line 581
2017-10-30 17:40:33 - PHP Notice:  Undefined index: master_option_value in /home/a0032323/domains/destinyboost.pro/public_html/system/storage/modification/admin/model/catalog/product.php on line 581
2017-10-30 17:58:51 - PHP Notice:  Undefined index: master_option_value in /home/a0032323/domains/destinyboost.pro/public_html/system/storage/modification/admin/model/catalog/product.php on line 581
2017-10-30 17:58:51 - PHP Notice:  Undefined index: master_option_value in /home/a0032323/domains/destinyboost.pro/public_html/system/storage/modification/admin/model/catalog/product.php on line 581
2017-10-30 17:58:51 - PHP Notice:  Undefined index: master_option_value in /home/a0032323/domains/destinyboost.pro/public_html/system/storage/modification/admin/model/catalog/product.php on line 581
2017-10-30 17:58:53 - PHP Notice:  Undefined index: master_option_value in /home/a0032323/domains/destinyboost.pro/public_html/system/storage/modification/admin/model/catalog/product.php on line 581
2017-10-30 17:59:04 - PHP Notice:  Undefined index: master_option_value in /home/a0032323/domains/destinyboost.pro/public_html/system/storage/modification/admin/model/catalog/product.php on line 581
2017-10-30 17:59:04 - PHP Notice:  Undefined index: master_option_value in /home/a0032323/domains/destinyboost.pro/public_html/system/storage/modification/admin/model/catalog/product.php on line 581
2017-10-30 17:59:04 - PHP Notice:  Undefined index: master_option_value in /home/a0032323/domains/destinyboost.pro/public_html/system/storage/modification/admin/model/catalog/product.php on line 581
2017-10-30 18:05:29 - PHP Notice:  Undefined index: master_option_value in /home/a0032323/domains/destinyboost.pro/public_html/system/storage/modification/admin/model/catalog/product.php on line 581
2017-10-30 18:05:29 - PHP Notice:  Undefined index: master_option_value in /home/a0032323/domains/destinyboost.pro/public_html/system/storage/modification/admin/model/catalog/product.php on line 581
2017-10-30 18:05:29 - PHP Notice:  Undefined index: master_option_value in /home/a0032323/domains/destinyboost.pro/public_html/system/storage/modification/admin/model/catalog/product.php on line 581
2017-10-30 18:05:35 - PHP Notice:  Undefined index: master_option_value in /home/a0032323/domains/destinyboost.pro/public_html/system/storage/modification/admin/model/catalog/product.php on line 581
2017-10-30 18:05:35 - PHP Notice:  Undefined index: master_option_value in /home/a0032323/domains/destinyboost.pro/public_html/system/storage/modification/admin/model/catalog/product.php on line 581
2017-10-30 18:05:35 - PHP Notice:  Undefined index: master_option_value in /home/a0032323/domains/destinyboost.pro/public_html/system/storage/modification/admin/model/catalog/product.php on line 581
2017-10-30 18:07:22 - PHP Notice:  Undefined index: master_option_value in /home/a0032323/domains/destinyboost.pro/public_html/system/storage/modification/admin/model/catalog/product.php on line 581
2017-10-30 18:07:22 - PHP Notice:  Undefined index: master_option_value in /home/a0032323/domains/destinyboost.pro/public_html/system/storage/modification/admin/model/catalog/product.php on line 581
2017-10-30 18:07:22 - PHP Notice:  Undefined index: master_option_value in /home/a0032323/domains/destinyboost.pro/public_html/system/storage/modification/admin/model/catalog/product.php on line 581
2017-10-30 18:11:44 - PHP Notice:  Undefined index: master_option_value in /home/a0032323/domains/destinyboost.pro/public_html/system/storage/modification/admin/model/catalog/product.php on line 581
2017-10-30 18:11:44 - PHP Notice:  Undefined index: master_option_value in /home/a0032323/domains/destinyboost.pro/public_html/system/storage/modification/admin/model/catalog/product.php on line 581
2017-10-30 18:11:44 - PHP Notice:  Undefined index: master_option_value in /home/a0032323/domains/destinyboost.pro/public_html/system/storage/modification/admin/model/catalog/product.php on line 581
2017-10-30 21:12:06 - PHP Notice:  Undefined index: master_option_value in /home/a0032323/domains/destinyboost.pro/public_html/system/storage/modification/admin/model/catalog/product.php on line 581
2017-10-30 21:12:06 - PHP Notice:  Undefined index: master_option_value in /home/a0032323/domains/destinyboost.pro/public_html/system/storage/modification/admin/model/catalog/product.php on line 581
2017-10-30 21:12:06 - PHP Notice:  Undefined index: master_option_value in /home/a0032323/domains/destinyboost.pro/public_html/system/storage/modification/admin/model/catalog/product.php on line 581
